<?xml version="1.0" encoding="UTF-8"?>
<!-- Generated by org.testng.reporters.JUnitReportReporter -->
<testsuite hostname="DESKTOP-D36MUAQ" failures="0" tests="2" name="HybridApp.General_Strore1" time="27.189" errors="0" timestamp="2024-02-09T17:14:29 IST" skipped="1">
  <testcase classname="HybridApp.General_Strore1" name="New" time="27.189"/>
  <system-out/>
  <testcase classname="HybridApp.General_Strore1" name="General">
    <skipped/>
  </testcase> <!-- General -->
  <system-out/>
</testsuite> <!-- HybridApp.General_Strore1 -->
