<?xml version="1.0" encoding="UTF-8"?>
<!-- Generated by org.testng.reporters.JUnitReportReporter -->
<testsuite hostname="DESKTOP-D36MUAQ" failures="0" tests="7" name="NativeApp.ApiDemo1" time="14.461" errors="0" timestamp="2024-02-09T16:31:22 IST" skipped="6">
  <testcase classname="NativeApp.ApiDemo1" name="Clock" time="14.461"/>
  <system-out/>
  <testcase classname="NativeApp.ApiDemo1" name="Dragdrop">
    <skipped/>
  </testcase> <!-- Dragdrop -->
  <system-out/>
  <testcase classname="NativeApp.ApiDemo1" name="view">
    <skipped/>
  </testcase> <!-- view -->
  <system-out/>
  <testcase classname="NativeApp.ApiDemo1" name="ts">
    <skipped/>
  </testcase> <!-- ts -->
  <system-out/>
  <testcase classname="NativeApp.ApiDemo1" name="SwitchTo">
    <skipped/>
  </testcase> <!-- SwitchTo -->
  <system-out/>
  <testcase classname="NativeApp.ApiDemo1" name="Gesture">
    <skipped/>
  </testcase> <!-- Gesture -->
  <system-out/>
  <testcase classname="NativeApp.ApiDemo1" name="notifi">
    <skipped/>
  </testcase> <!-- notifi -->
  <system-out/>
</testsuite> <!-- NativeApp.ApiDemo1 -->
